<?xml version="1.0" encoding="UTF-8"?>
<!-- Generated by org.testng.reporters.JUnitReportReporter -->
<testsuite name="StepDefinitions.ResponseCode" tests="3" time="2.054" ignored="0" failures="0" timestamp="25 Oct 2020 13:13:05 GMT" skipped="0" hostname="DESKTOP-7KT75FO" errors="0">
  <testcase name="validate_positive_response_code_received" time="0.068" classname="StepDefinitions.ResponseCode"/>
  <testcase name="api_for_foreign_exchange" time="0.454" classname="StepDefinitions.ResponseCode"/>
  <testcase name="posted_with_correct_information" time="1.532" classname="StepDefinitions.ResponseCode"/>
</testsuite> <!-- StepDefinitions.ResponseCode -->
