<?xml version="1.0" encoding="UTF-8"?>
<!-- Generated by org.testng.reporters.JUnitReportReporter -->
<testsuite name="StepDefinitions.BDD_FrameworkRunner" tests="3" time="1.502" ignored="0" failures="0" timestamp="25 Oct 2020 15:05:42 GMT" skipped="0" hostname="DESKTOP-7KT75FO" errors="0">
  <testcase name="posted_with_correct_information" time="1.076" classname="StepDefinitions.BDD_FrameworkRunner"/>
  <testcase name="api_for_foreign_exchange" time="0.374" classname="StepDefinitions.BDD_FrameworkRunner"/>
  <testcase name="validate_positive_response_code_received" time="0.052" classname="StepDefinitions.BDD_FrameworkRunner"/>
</testsuite> <!-- StepDefinitions.BDD_FrameworkRunner -->
